# JRE version: OpenJDK Runtime Environment Corretto-21.0.7.6.1 (21.0.7+6) (build 21.0.7+6-LTS)
# Java VM: OpenJDK 64-Bit Server VM Corretto-21.0.7.6.1 (21.0.7+6-LTS, mixed mode, sharing, tiered, compressed oops, compressed class ptrs, g1 gc, windows-amd64)
GC Precious Log:
 CardTable entry size: 512
 Card Set container configuration: InlinePtr #cards 4 size 8 Array Of Cards #cards 16 size 48 Howl #buckets 8 coarsen threshold 3686 Howl Bitmap #cards 512 size 80 coarsen threshold 460 Card regions per heap region 1 cards per card region 4096
 CPUs: 12 total, 12 available
 Memory: 15762M
 Large Page Support: Disabled
 NUMA Support: Disabled
 Compressed Oops: Enabled (Zero based)
 Heap Region Size: 2M
 Heap Min Capacity: 8M
 Heap Initial Capacity: 248M
 Heap Max Capacity: 3942M
 Pre-touch: Disabled
 Parallel Workers: 10
 Concurrent Workers: 3
 Concurrent Refinement Workers: 10
 Periodic GC: Disabled
Heap:
 garbage-first heap   total 122880K, used 84716K [0x0000000709a00000, 0x0000000800000000)
  region size 2048K, 12 young (24576K), 3 survivors (6144K)
 Metaspace       used 99059K, committed 100224K, reserved 1179648K
  class space    used 13142K, committed 13696K, reserved 1048576K
GC Heap History (20 events):
Event: 11.042 GC heap before
{Heap before GC invocations=34 (full 0):
 garbage-first heap   total 102400K, used 88214K [0x0000000709a00000, 0x0000000800000000)
  region size 2048K, 19 young (38912K), 3 survivors (6144K)
 Metaspace       used 83270K, committed 84096K, reserved 1179648K
  class space    used 10915K, committed 11264K, reserved 1048576K
}
Event: 11.046 GC heap after
{Heap after GC invocations=35 (full 0):
 garbage-first heap   total 102400K, used 56316K [0x0000000709a00000, 0x0000000800000000)
  region size 2048K, 3 young (6144K), 3 survivors (6144K)
 Metaspace       used 83270K, committed 84096K, reserved 1179648K
  class space    used 10915K, committed 11264K, reserved 1048576K
}
Event: 11.280 GC heap before
{Heap before GC invocations=35 (full 0):
 garbage-first heap   total 102400K, used 87036K [0x0000000709a00000, 0x0000000800000000)
  region size 2048K, 18 young (36864K), 3 survivors (6144K)
 Metaspace       used 84171K, committed 85056K, reserved 1179648K
  class space    used 11021K, committed 11392K, reserved 1048576K
}
Event: 11.284 GC heap after
{Heap after GC invocations=36 (full 0):
 garbage-first heap   total 102400K, used 57801K [0x0000000709a00000, 0x0000000800000000)
  region size 2048K, 3 young (6144K), 3 survivors (6144K)
 Metaspace       used 84171K, committed 85056K, reserved 1179648K
  class space    used 11021K, committed 11392K, reserved 1048576K
}
Event: 11.554 GC heap before
{Heap before GC invocations=37 (full 0):
 garbage-first heap   total 102400K, used 86473K [0x0000000709a00000, 0x0000000800000000)
  region size 2048K, 17 young (34816K), 3 survivors (6144K)
 Metaspace       used 84789K, committed 85696K, reserved 1179648K
  class space    used 11121K, committed 11520K, reserved 1048576K
}
Event: 11.558 GC heap after
{Heap after GC invocations=38 (full 0):
 garbage-first heap   total 102400K, used 58828K [0x0000000709a00000, 0x0000000800000000)
  region size 2048K, 2 young (4096K), 2 survivors (4096K)
 Metaspace       used 84789K, committed 85696K, reserved 1179648K
  class space    used 11121K, committed 11520K, reserved 1048576K
}
Event: 11.782 GC heap before
{Heap before GC invocations=38 (full 0):
 garbage-first heap   total 102400K, used 91596K [0x0000000709a00000, 0x0000000800000000)
  region size 2048K, 18 young (36864K), 2 survivors (4096K)
 Metaspace       used 85159K, committed 86016K, reserved 1179648K
  class space    used 11193K, committed 11584K, reserved 1048576K
}
Event: 11.786 GC heap after
{Heap after GC invocations=39 (full 0):
 garbage-first heap   total 122880K, used 59723K [0x0000000709a00000, 0x0000000800000000)
  region size 2048K, 2 young (4096K), 2 survivors (4096K)
 Metaspace       used 85159K, committed 86016K, reserved 1179648K
  class space    used 11193K, committed 11584K, reserved 1048576K
}
Event: 12.155 GC heap before
{Heap before GC invocations=39 (full 0):
 garbage-first heap   total 122880K, used 110923K [0x0000000709a00000, 0x0000000800000000)
  region size 2048K, 27 young (55296K), 2 survivors (4096K)
 Metaspace       used 86019K, committed 86976K, reserved 1179648K
  class space    used 11333K, committed 11776K, reserved 1048576K
}
Event: 12.159 GC heap after
{Heap after GC invocations=40 (full 0):
 garbage-first heap   total 122880K, used 61546K [0x0000000709a00000, 0x0000000800000000)
  region size 2048K, 3 young (6144K), 3 survivors (6144K)
 Metaspace       used 86019K, committed 86976K, reserved 1179648K
  class space    used 11333K, committed 11776K, reserved 1048576K
}
Event: 12.432 GC heap before
{Heap before GC invocations=40 (full 0):
 garbage-first heap   total 122880K, used 108650K [0x0000000709a00000, 0x0000000800000000)
  region size 2048K, 26 young (53248K), 3 survivors (6144K)
 Metaspace       used 87060K, committed 88064K, reserved 1179648K
  class space    used 11478K, committed 11968K, reserved 1048576K
}
Event: 12.435 GC heap after
{Heap after GC invocations=41 (full 0):
 garbage-first heap   total 122880K, used 63312K [0x0000000709a00000, 0x0000000800000000)
  region size 2048K, 3 young (6144K), 3 survivors (6144K)
 Metaspace       used 87060K, committed 88064K, reserved 1179648K
  class space    used 11478K, committed 11968K, reserved 1048576K
}
Event: 12.641 GC heap before
{Heap before GC invocations=41 (full 0):
 garbage-first heap   total 122880K, used 110416K [0x0000000709a00000, 0x0000000800000000)
  region size 2048K, 26 young (53248K), 3 survivors (6144K)
 Metaspace       used 87903K, committed 88896K, reserved 1179648K
  class space    used 11597K, committed 12096K, reserved 1048576K
}
Event: 12.645 GC heap after
{Heap after GC invocations=42 (full 0):
 garbage-first heap   total 122880K, used 65041K [0x0000000709a00000, 0x0000000800000000)
  region size 2048K, 3 young (6144K), 3 survivors (6144K)
 Metaspace       used 87903K, committed 88896K, reserved 1179648K
  class space    used 11597K, committed 12096K, reserved 1048576K
}
Event: 12.900 GC heap before
{Heap before GC invocations=43 (full 0):
 garbage-first heap   total 122880K, used 108049K [0x0000000709a00000, 0x0000000800000000)
  region size 2048K, 24 young (49152K), 3 survivors (6144K)
 Metaspace       used 88470K, committed 89536K, reserved 1179648K
  class space    used 11699K, committed 12160K, reserved 1048576K
}
Event: 12.904 GC heap after
{Heap after GC invocations=44 (full 0):
 garbage-first heap   total 122880K, used 66699K [0x0000000709a00000, 0x0000000800000000)
  region size 2048K, 3 young (6144K), 3 survivors (6144K)
 Metaspace       used 88470K, committed 89536K, reserved 1179648K
  class space    used 11699K, committed 12160K, reserved 1048576K
}
Event: 16.668 GC heap before
{Heap before GC invocations=44 (full 0):
 garbage-first heap   total 122880K, used 105611K [0x0000000709a00000, 0x0000000800000000)
  region size 2048K, 23 young (47104K), 3 survivors (6144K)
 Metaspace       used 92022K, committed 93056K, reserved 1179648K
  class space    used 12148K, committed 12608K, reserved 1048576K
}
Event: 16.672 GC heap after
{Heap after GC invocations=45 (full 0):
 garbage-first heap   total 122880K, used 66554K [0x0000000709a00000, 0x0000000800000000)
  region size 2048K, 3 young (6144K), 3 survivors (6144K)
 Metaspace       used 92022K, committed 93056K, reserved 1179648K
  class space    used 12148K, committed 12608K, reserved 1048576K
}
Event: 66.157 GC heap before
{Heap before GC invocations=45 (full 0):
 garbage-first heap   total 122880K, used 105466K [0x0000000709a00000, 0x0000000800000000)
  region size 2048K, 23 young (47104K), 3 survivors (6144K)
 Metaspace       used 98979K, committed 100032K, reserved 1179648K
  class space    used 13126K, committed 13632K, reserved 1048576K
}
Event: 66.162 GC heap after
{Heap after GC invocations=46 (full 0):
 garbage-first heap   total 122880K, used 68332K [0x0000000709a00000, 0x0000000800000000)
  region size 2048K, 3 young (6144K), 3 survivors (6144K)
 Metaspace       used 98979K, committed 100032K, reserved 1179648K
  class space    used 13126K, committed 13632K, reserved 1048576K
}

