# JRE version: OpenJDK Runtime Environment Corretto-21.0.7.6.1 (21.0.7+6) (build 21.0.7+6-LTS)
# Java VM: OpenJDK 64-Bit Server VM Corretto-21.0.7.6.1 (21.0.7+6-LTS, mixed mode, sharing, tiered, compressed oops, compressed class ptrs, g1 gc, windows-amd64)
GC Precious Log:
 CardTable entry size: 512
 Card Set container configuration: InlinePtr #cards 4 size 8 Array Of Cards #cards 16 size 48 Howl #buckets 8 coarsen threshold 3686 Howl Bitmap #cards 512 size 80 coarsen threshold 460 Card regions per heap region 1 cards per card region 4096
 CPUs: 12 total, 12 available
 Memory: 15762M
 Large Page Support: Disabled
 NUMA Support: Disabled
 Compressed Oops: Enabled (Zero based)
 Heap Region Size: 2M
 Heap Min Capacity: 8M
 Heap Initial Capacity: 248M
 Heap Max Capacity: 3942M
 Pre-touch: Disabled
 Parallel Workers: 10
 Concurrent Workers: 3
 Concurrent Refinement Workers: 10
 Periodic GC: Disabled
Heap:
 garbage-first heap   total 104448K, used 72820K [0x0000000709a00000, 0x0000000800000000)
  region size 2048K, 13 young (26624K), 1 survivors (2048K)
 Metaspace       used 97673K, committed 98880K, reserved 1179648K
  class space    used 12727K, committed 13312K, reserved 1048576K
GC Heap History (20 events):
Event: 328.271 GC heap before
{Heap before GC invocations=58 (full 0):
 garbage-first heap   total 104448K, used 87369K [0x0000000709a00000, 0x0000000800000000)
  region size 2048K, 20 young (40960K), 2 survivors (4096K)
 Metaspace       used 97616K, committed 98816K, reserved 1179648K
  class space    used 12725K, committed 13312K, reserved 1048576K
}
Event: 328.274 GC heap after
{Heap after GC invocations=59 (full 0):
 garbage-first heap   total 104448K, used 52591K [0x0000000709a00000, 0x0000000800000000)
  region size 2048K, 1 young (2048K), 1 survivors (2048K)
 Metaspace       used 97616K, committed 98816K, reserved 1179648K
  class space    used 12725K, committed 13312K, reserved 1048576K
}
Event: 328.863 GC heap before
{Heap before GC invocations=59 (full 0):
 garbage-first heap   total 104448K, used 89455K [0x0000000709a00000, 0x0000000800000000)
  region size 2048K, 20 young (40960K), 1 survivors (2048K)
 Metaspace       used 97617K, committed 98816K, reserved 1179648K
  class space    used 12725K, committed 13312K, reserved 1048576K
}
Event: 328.866 GC heap after
{Heap after GC invocations=60 (full 0):
 garbage-first heap   total 104448K, used 52291K [0x0000000709a00000, 0x0000000800000000)
  region size 2048K, 1 young (2048K), 1 survivors (2048K)
 Metaspace       used 97617K, committed 98816K, reserved 1179648K
  class space    used 12725K, committed 13312K, reserved 1048576K
}
Event: 329.481 GC heap before
{Heap before GC invocations=60 (full 0):
 garbage-first heap   total 104448K, used 89155K [0x0000000709a00000, 0x0000000800000000)
  region size 2048K, 20 young (40960K), 1 survivors (2048K)
 Metaspace       used 97626K, committed 98816K, reserved 1179648K
  class space    used 12726K, committed 13312K, reserved 1048576K
}
Event: 329.483 GC heap after
{Heap after GC invocations=61 (full 0):
 garbage-first heap   total 104448K, used 52553K [0x0000000709a00000, 0x0000000800000000)
  region size 2048K, 1 young (2048K), 1 survivors (2048K)
 Metaspace       used 97626K, committed 98816K, reserved 1179648K
  class space    used 12726K, committed 13312K, reserved 1048576K
}
Event: 331.464 GC heap before
{Heap before GC invocations=62 (full 0):
 garbage-first heap   total 104448K, used 89417K [0x0000000709a00000, 0x0000000800000000)
  region size 2048K, 20 young (40960K), 1 survivors (2048K)
 Metaspace       used 97636K, committed 98816K, reserved 1179648K
  class space    used 12727K, committed 13312K, reserved 1048576K
}
Event: 331.465 GC heap after
{Heap after GC invocations=63 (full 0):
 garbage-first heap   total 104448K, used 52659K [0x0000000709a00000, 0x0000000800000000)
  region size 2048K, 1 young (2048K), 1 survivors (2048K)
 Metaspace       used 97636K, committed 98816K, reserved 1179648K
  class space    used 12727K, committed 13312K, reserved 1048576K
}
Event: 331.996 GC heap before
{Heap before GC invocations=63 (full 0):
 garbage-first heap   total 104448K, used 89523K [0x0000000709a00000, 0x0000000800000000)
  region size 2048K, 20 young (40960K), 1 survivors (2048K)
 Metaspace       used 97636K, committed 98816K, reserved 1179648K
  class space    used 12727K, committed 13312K, reserved 1048576K
}
Event: 331.998 GC heap after
{Heap after GC invocations=64 (full 0):
 garbage-first heap   total 104448K, used 52301K [0x0000000709a00000, 0x0000000800000000)
  region size 2048K, 1 young (2048K), 1 survivors (2048K)
 Metaspace       used 97636K, committed 98816K, reserved 1179648K
  class space    used 12727K, committed 13312K, reserved 1048576K
}
Event: 333.494 GC heap before
{Heap before GC invocations=64 (full 0):
 garbage-first heap   total 104448K, used 89165K [0x0000000709a00000, 0x0000000800000000)
  region size 2048K, 20 young (40960K), 1 survivors (2048K)
 Metaspace       used 97637K, committed 98816K, reserved 1179648K
  class space    used 12727K, committed 13312K, reserved 1048576K
}
Event: 333.496 GC heap after
{Heap after GC invocations=65 (full 0):
 garbage-first heap   total 104448K, used 52604K [0x0000000709a00000, 0x0000000800000000)
  region size 2048K, 1 young (2048K), 1 survivors (2048K)
 Metaspace       used 97637K, committed 98816K, reserved 1179648K
  class space    used 12727K, committed 13312K, reserved 1048576K
}
Event: 334.678 GC heap before
{Heap before GC invocations=66 (full 0):
 garbage-first heap   total 104448K, used 89468K [0x0000000709a00000, 0x0000000800000000)
  region size 2048K, 20 young (40960K), 1 survivors (2048K)
 Metaspace       used 97659K, committed 98880K, reserved 1179648K
  class space    used 12727K, committed 13312K, reserved 1048576K
}
Event: 334.680 GC heap after
{Heap after GC invocations=67 (full 0):
 garbage-first heap   total 104448K, used 52619K [0x0000000709a00000, 0x0000000800000000)
  region size 2048K, 1 young (2048K), 1 survivors (2048K)
 Metaspace       used 97659K, committed 98880K, reserved 1179648K
  class space    used 12727K, committed 13312K, reserved 1048576K
}
Event: 335.004 GC heap before
{Heap before GC invocations=67 (full 0):
 garbage-first heap   total 104448K, used 89483K [0x0000000709a00000, 0x0000000800000000)
  region size 2048K, 20 young (40960K), 1 survivors (2048K)
 Metaspace       used 97659K, committed 98880K, reserved 1179648K
  class space    used 12727K, committed 13312K, reserved 1048576K
}
Event: 335.007 GC heap after
{Heap after GC invocations=68 (full 0):
 garbage-first heap   total 104448K, used 52274K [0x0000000709a00000, 0x0000000800000000)
  region size 2048K, 1 young (2048K), 1 survivors (2048K)
 Metaspace       used 97659K, committed 98880K, reserved 1179648K
  class space    used 12727K, committed 13312K, reserved 1048576K
}
Event: 335.519 GC heap before
{Heap before GC invocations=68 (full 0):
 garbage-first heap   total 104448K, used 89138K [0x0000000709a00000, 0x0000000800000000)
  region size 2048K, 20 young (40960K), 1 survivors (2048K)
 Metaspace       used 97660K, committed 98880K, reserved 1179648K
  class space    used 12727K, committed 13312K, reserved 1048576K
}
Event: 335.521 GC heap after
{Heap after GC invocations=69 (full 0):
 garbage-first heap   total 104448K, used 52419K [0x0000000709a00000, 0x0000000800000000)
  region size 2048K, 1 young (2048K), 1 survivors (2048K)
 Metaspace       used 97660K, committed 98880K, reserved 1179648K
  class space    used 12727K, committed 13312K, reserved 1048576K
}
Event: 336.148 GC heap before
{Heap before GC invocations=70 (full 0):
 garbage-first heap   total 104448K, used 89283K [0x0000000709a00000, 0x0000000800000000)
  region size 2048K, 20 young (40960K), 1 survivors (2048K)
 Metaspace       used 97660K, committed 98880K, reserved 1179648K
  class space    used 12727K, committed 13312K, reserved 1048576K
}
Event: 336.150 GC heap after
{Heap after GC invocations=71 (full 0):
 garbage-first heap   total 104448K, used 52340K [0x0000000709a00000, 0x0000000800000000)
  region size 2048K, 1 young (2048K), 1 survivors (2048K)
 Metaspace       used 97660K, committed 98880K, reserved 1179648K
  class space    used 12727K, committed 13312K, reserved 1048576K
}

